2025-01-19 17:43:16.143 | INFO     | utils.utils_logger:<module>:38 - Logging to file: logs\Jballard_log.log
2025-01-19 17:43:16.147 | INFO     | __main__:main:160 - START producer...
2025-01-19 17:43:16.147 | INFO     | __main__:main:161 - Hit CTRL c (or CMD c) to close.
2025-01-19 17:43:16.147 | INFO     | __main__:get_message_interval:53 - Messages will be sent every 3 seconds.
2025-01-19 17:43:16.147 | INFO     | __main__:main:168 - While in Arizona I just created an off-road journey! It was fascinating.
2025-01-19 17:43:19.148 | INFO     | __main__:main:168 - While in Kansas I just created a mountain climb! It was spectacular.
2025-01-19 17:43:22.183 | INFO     | __main__:main:168 - While in Washington I just watched a river crossing! It was astonishing.
2025-01-19 17:43:25.184 | INFO     | __main__:main:168 - While in Idaho I just designed a sunrise view! It was dreadful.
2025-01-19 17:43:28.184 | INFO     | __main__:main:168 - While in Arizona I just experienced a night under the stars! It was astonishing.
2025-01-19 17:43:31.185 | INFO     | __main__:main:168 - While in Oregon I just created a backpacking trip! It was peculiar.
2025-01-19 17:43:34.185 | INFO     | __main__:main:168 - While in Minnesota I just created a hiking trail! It was delightful.
2025-01-19 17:43:37.186 | INFO     | __main__:main:168 - While in Montana I just loved a hidden waterfall! It was fascinating.
2025-01-19 17:43:40.187 | INFO     | __main__:main:168 - While in Kansas I just shared a wildlife encounter! It was intriguing.
2025-01-19 17:43:43.188 | INFO     | __main__:main:168 - While in Wyoming I just built a mountain climb! It was ridiculous.
2025-01-19 17:43:46.188 | INFO     | __main__:main:168 - While in Colorado I just explored a backpacking trip! It was spectacular.
2025-01-19 17:43:49.189 | INFO     | __main__:main:168 - While in South Dakota I just learned a sunrise view! It was outrageous.
2025-01-19 17:43:52.190 | INFO     | __main__:main:168 - While in Utah I just experienced a hidden waterfall! It was fascinating.
2025-01-19 17:43:55.191 | INFO     | __main__:main:168 - While in Minnesota I just learned a backpacking trip! It was peculiar.
2025-01-19 17:43:58.192 | INFO     | __main__:main:168 - While in New Mexico I just built a backpacking trip! It was majestic.
2025-01-19 17:44:01.193 | INFO     | __main__:main:168 - While in Colorado I just watched a cave exploration! It was fascinating.
2025-01-19 17:44:04.193 | INFO     | __main__:main:168 - While in Minnesota I just watched a backpacking trip! It was outrageous.
2025-01-19 17:44:07.194 | INFO     | __main__:main:168 - While in Idaho I just shared a hidden waterfall! It was ridiculous.
2025-01-19 17:44:10.195 | INFO     | __main__:main:168 - While in New Mexico I just watched a river crossing! It was majestic.
2025-01-19 17:44:13.195 | INFO     | __main__:main:168 - While in Idaho I just experienced a sunrise view! It was astonishing.
2025-01-19 17:44:16.198 | INFO     | __main__:main:168 - While in Utah I just loved a hiking trail! It was outrageous.
2025-01-19 17:44:19.201 | INFO     | __main__:main:168 - While in Washington I just watched a cave exploration! It was outrageous.
2025-01-19 17:44:22.202 | INFO     | __main__:main:168 - While in Idaho I just explored a river crossing! It was outrageous.
2025-01-19 17:44:25.203 | INFO     | __main__:main:168 - While in Idaho I just loved a river crossing! It was captivating.
2025-01-19 17:44:28.203 | INFO     | __main__:main:168 - While in New Mexico I just learned a night under the stars! It was majestic.
2025-01-19 17:44:31.204 | INFO     | __main__:main:168 - While in Arizona I just experienced an off-road journey! It was captivating.
2025-01-19 17:44:34.205 | INFO     | __main__:main:168 - While in Nevada I just created an off-road journey! It was ridiculous.
2025-01-19 17:44:37.206 | INFO     | __main__:main:168 - While in Wyoming I just shared a hiking trail! It was fascinating.
2025-01-19 17:44:40.206 | INFO     | __main__:main:168 - While in Colorado I just designed a river crossing! It was intriguing.
2025-01-19 17:44:43.207 | INFO     | __main__:main:168 - While in Washington I just learned a mountain climb! It was intriguing.
2025-01-19 17:46:48.957 | INFO     | utils.utils_logger:<module>:38 - Logging to file: logs\Jballard_log.log
2025-01-19 17:46:48.958 | INFO     | __main__:main:160 - START producer...
2025-01-19 17:46:48.958 | INFO     | __main__:main:161 - Hit CTRL c (or CMD c) to close.
2025-01-19 17:46:48.958 | INFO     | __main__:get_message_interval:53 - Messages will be sent every 3 seconds.
2025-01-19 17:46:48.959 | INFO     | __main__:main:168 - While in Montana I just designed a mountain climb! It was mysterious.
2025-01-19 17:46:51.960 | INFO     | __main__:main:168 - While in Minnesota I just shared a mountain climb! It was intriguing.
2025-01-19 17:46:54.961 | INFO     | __main__:main:168 - While in Oregon I just loved a hidden waterfall! It was mysterious.
2025-01-19 17:46:57.962 | INFO     | __main__:main:168 - While in Kansas I just loved a mountain climb! It was intriguing.
2025-01-19 17:47:00.962 | INFO     | __main__:main:168 - While in South Dakota I just explored a night under the stars! It was outrageous.
2025-01-19 17:47:03.963 | INFO     | __main__:main:168 - While in Idaho I just experienced a hiking trail! It was peculiar.
2025-01-19 17:47:06.964 | INFO     | __main__:main:168 - While in Wyoming I just designed a night under the stars! It was majestic.
2025-01-19 17:47:09.964 | INFO     | __main__:main:168 - While in Colorado I just built a hidden waterfall! It was peculiar.
2025-01-19 17:47:12.965 | INFO     | __main__:main:168 - While in California I just tried a sunrise view! It was mysterious.
2025-01-19 17:47:15.966 | INFO     | __main__:main:168 - While in Oregon I just loved an off-road journey! It was spectacular.
2025-01-19 17:47:18.967 | INFO     | __main__:main:168 - While in Colorado I just tried a night under the stars! It was astonishing.
2025-01-19 17:47:21.968 | INFO     | __main__:main:168 - While in Minnesota I just shared a hiking trail! It was mysterious.
2025-01-19 17:47:24.969 | INFO     | __main__:main:168 - While in California I just experienced a wildlife encounter! It was delightful.
2025-01-19 17:47:27.970 | INFO     | __main__:main:168 - While in Arizona I just shared a snowshoeing path! It was outrageous.
2025-01-19 17:47:30.971 | INFO     | __main__:main:168 - While in New Mexico I just designed a cave exploration! It was captivating.
2025-01-19 17:47:33.972 | INFO     | __main__:main:168 - While in Idaho I just designed a mountain climb! It was dreadful.
2025-01-19 17:47:36.972 | INFO     | __main__:main:168 - While in Wyoming I just created a sunrise view! It was peculiar.
2025-01-19 17:47:39.973 | INFO     | __main__:main:168 - While in Colorado I just discovered a cave exploration! It was fascinating.
2025-01-19 17:47:42.973 | INFO     | __main__:main:168 - While in Oregon I just tried a backpacking trip! It was spectacular.
2025-01-19 17:47:45.974 | INFO     | __main__:main:168 - While in Minnesota I just discovered a river crossing! It was spectacular.
2025-01-19 17:47:48.974 | INFO     | __main__:main:168 - While in Wyoming I just watched an off-road journey! It was mysterious.
2025-01-19 17:47:51.975 | INFO     | __main__:main:168 - While in New Mexico I just explored an off-road journey! It was delightful.
2025-01-19 17:47:54.976 | INFO     | __main__:main:168 - While in Minnesota I just loved a mountain climb! It was majestic.
2025-01-19 17:47:57.976 | INFO     | __main__:main:168 - While in Washington I just created a flyfishing spot! It was outrageous.
2025-01-19 17:48:00.977 | INFO     | __main__:main:168 - While in Washington I just created a hidden waterfall! It was majestic.
2025-01-19 17:48:03.978 | INFO     | __main__:main:168 - While in Oregon I just created a mountain climb! It was captivating.
2025-01-19 17:48:06.980 | INFO     | __main__:main:168 - While in Colorado I just learned an off-road journey! It was intriguing.
2025-01-19 17:48:09.980 | INFO     | __main__:main:168 - While in Wyoming I just explored a hidden waterfall! It was delightful.
2025-01-19 17:48:12.981 | INFO     | __main__:main:168 - While in Oregon I just designed a river crossing! It was delightful.
2025-01-19 17:48:15.982 | INFO     | __main__:main:168 - While in Washington I just learned a river crossing! It was outrageous.
2025-01-19 17:48:18.982 | INFO     | __main__:main:168 - While in Wyoming I just designed a wildlife encounter! It was delightful.
2025-01-19 17:48:21.983 | INFO     | __main__:main:168 - While in Idaho I just explored an off-road journey! It was captivating.
2025-01-19 17:48:24.984 | INFO     | __main__:main:168 - While in Oregon I just learned a hiking trail! It was fascinating.
2025-01-19 17:48:27.985 | INFO     | __main__:main:168 - While in Wyoming I just built a snowshoeing path! It was dreadful.
2025-01-19 17:48:30.985 | INFO     | __main__:main:168 - While in Nevada I just loved a flyfishing spot! It was majestic.
2025-01-19 17:48:33.986 | INFO     | __main__:main:168 - While in Colorado I just shared a hidden waterfall! It was fascinating.
2025-01-19 17:48:36.990 | INFO     | __main__:main:168 - While in Nevada I just designed a sunrise view! It was astonishing.
2025-01-19 17:48:39.991 | INFO     | __main__:main:168 - While in Nevada I just built a hidden waterfall! It was peculiar.
2025-01-19 17:48:42.993 | INFO     | __main__:main:168 - While in Idaho I just experienced an off-road journey! It was delightful.
2025-01-19 17:48:45.993 | INFO     | __main__:main:168 - While in Oregon I just watched a mountain climb! It was delightful.
2025-01-19 17:48:48.994 | INFO     | __main__:main:168 - While in Wyoming I just watched a backpacking trip! It was spectacular.
2025-01-19 17:48:51.994 | INFO     | __main__:main:168 - While in Colorado I just designed a wildlife encounter! It was majestic.
2025-01-19 17:48:54.995 | INFO     | __main__:main:168 - While in Colorado I just loved a snowshoeing path! It was intriguing.
2025-01-19 17:48:57.999 | INFO     | __main__:main:168 - While in Washington I just created a flyfishing spot! It was delightful.
2025-01-19 17:49:01.000 | INFO     | __main__:main:168 - While in Oregon I just tried a snowshoeing path! It was dreadful.
2025-01-19 17:49:04.000 | INFO     | __main__:main:168 - While in South Dakota I just experienced a hiking trail! It was dreadful.
2025-01-19 17:49:07.000 | INFO     | __main__:main:168 - While in Colorado I just loved a night under the stars! It was fascinating.
2025-01-19 17:49:10.002 | INFO     | __main__:main:168 - While in Kansas I just created a backpacking trip! It was astonishing.
2025-01-19 17:49:13.003 | INFO     | __main__:main:168 - While in Idaho I just experienced a wildlife encounter! It was delightful.
2025-01-19 17:49:16.004 | INFO     | __main__:main:168 - While in Oregon I just built a sunrise view! It was fascinating.
2025-01-19 17:49:23.545 | INFO     | utils.utils_logger:<module>:38 - Logging to file: logs\Jballard_log.log
2025-01-19 17:49:23.545 | INFO     | __main__:main:160 - START producer...
2025-01-19 17:49:23.546 | INFO     | __main__:main:161 - Hit CTRL c (or CMD c) to close.
2025-01-19 17:49:23.546 | INFO     | __main__:get_message_interval:53 - Messages will be sent every 3 seconds.
2025-01-19 17:49:23.546 | INFO     | __main__:main:168 - While in Arizona I just watched a sunrise view! It was delightful.
2025-01-19 17:49:26.546 | INFO     | __main__:main:168 - While in Arizona I just experienced a backpacking trip! It was mysterious.
2025-01-19 17:49:29.547 | INFO     | __main__:main:168 - While in Minnesota I just experienced a wildlife encounter! It was majestic.
2025-01-19 17:49:32.547 | INFO     | __main__:main:168 - While in Washington I just experienced a wildlife encounter! It was fascinating.
2025-01-19 17:49:35.548 | INFO     | __main__:main:168 - While in New Mexico I just shared a mountain climb! It was intriguing.
2025-01-19 17:49:38.548 | INFO     | __main__:main:168 - While in New Mexico I just learned a backpacking trip! It was fascinating.
2025-01-19 17:49:41.549 | INFO     | __main__:main:168 - While in South Dakota I just tried a night under the stars! It was peculiar.
2025-01-19 17:49:44.550 | INFO     | __main__:main:168 - While in Nevada I just discovered a hiking trail! It was spectacular.
2025-01-19 17:49:47.551 | INFO     | __main__:main:168 - While in Washington I just watched a flyfishing spot! It was fascinating.
2025-01-19 17:49:50.552 | INFO     | __main__:main:168 - While in New Mexico I just loved a sunrise view! It was intriguing.
2025-01-19 17:49:53.553 | INFO     | __main__:main:168 - While in California I just experienced a hidden waterfall! It was ridiculous.
2025-01-19 17:49:56.553 | INFO     | __main__:main:168 - While in New Mexico I just built a wildlife encounter! It was ridiculous.
