2025-01-19 15:27:16.484 | INFO     | utils.utils_logger:<module>:38 - Logging to file: logs\project_log.log
2025-01-19 15:27:16.486 | INFO     | __main__:main:106 - START producer...
2025-01-19 15:27:16.487 | INFO     | __main__:main:107 - Hit CTRL c (or CMD c) to close.
2025-01-19 15:27:16.488 | INFO     | __main__:get_message_interval:53 - Messages will be sent every 3 seconds.
2025-01-19 15:27:16.491 | INFO     | __main__:main:114 - I just loved a story! It was weird.
2025-01-19 15:27:19.493 | INFO     | __main__:main:114 - I just tried a meme! It was boring.
2025-01-19 15:27:22.494 | INFO     | __main__:main:114 - I just loved a meme! It was weird.
2025-01-19 15:27:25.525 | INFO     | __main__:main:114 - I just loved a story! It was amazing.
2025-01-19 15:27:28.526 | INFO     | __main__:main:114 - I just shared a trick! It was funny.
2025-01-19 15:27:31.527 | INFO     | __main__:main:114 - I just tried a meme! It was funny.
2025-01-19 15:27:34.528 | INFO     | __main__:main:114 - I just tried a meme! It was weird.
2025-01-19 15:27:37.528 | INFO     | __main__:main:114 - I just shared an app! It was boring.
2025-01-19 15:27:40.528 | INFO     | __main__:main:114 - I just shared a story! It was weird.
2025-01-19 15:27:43.529 | INFO     | __main__:main:114 - I just loved a story! It was amazing.
2025-01-19 15:27:46.530 | INFO     | __main__:main:114 - I just loved a movie! It was funny.
2025-01-19 15:27:49.531 | INFO     | __main__:main:114 - I just tried a trick! It was amazing.
2025-01-19 15:27:52.532 | INFO     | __main__:main:114 - I just tried a movie! It was amazing.
2025-01-19 15:27:55.533 | INFO     | __main__:main:114 - I just saw a story! It was amazing.
2025-01-19 15:40:17.583 | INFO     | utils.utils_logger:<module>:38 - Logging to file: logs\project_log.log
2025-01-19 15:40:17.584 | INFO     | __main__:main:106 - START producer...
2025-01-19 15:40:17.584 | INFO     | __main__:main:107 - Hit CTRL c (or CMD c) to close.
2025-01-19 15:40:17.584 | INFO     | __main__:get_message_interval:53 - Messages will be sent every 3 seconds.
2025-01-19 15:40:17.584 | INFO     | __main__:main:114 - I just saw a story! It was funny.
2025-01-19 15:40:20.585 | INFO     | __main__:main:114 - I just saw an app! It was weird.
2025-01-19 15:40:23.585 | INFO     | __main__:main:114 - I just found a meme! It was weird.
2025-01-19 15:40:26.586 | INFO     | __main__:main:114 - I just shared a story! It was amazing.
2025-01-19 15:40:29.587 | INFO     | __main__:main:114 - I just shared a movie! It was boring.
2025-01-19 15:40:32.587 | INFO     | __main__:main:114 - I just tried a trick! It was amazing.
2025-01-19 15:40:35.588 | INFO     | __main__:main:114 - I just loved a story! It was boring.
2025-01-19 15:40:38.589 | INFO     | __main__:main:114 - I just loved a movie! It was boring.
2025-01-19 15:40:41.589 | INFO     | __main__:main:114 - I just tried a movie! It was amazing.
2025-01-19 15:40:44.590 | INFO     | __main__:main:114 - I just loved a movie! It was funny.
2025-01-19 15:40:47.591 | INFO     | __main__:main:114 - I just shared a story! It was funny.
2025-01-19 15:40:50.592 | INFO     | __main__:main:114 - I just found a meme! It was funny.
2025-01-19 15:40:53.593 | INFO     | __main__:main:114 - I just saw an app! It was boring.
2025-01-19 15:40:56.593 | INFO     | __main__:main:114 - I just found an app! It was amazing.
2025-01-19 15:40:59.594 | INFO     | __main__:main:114 - I just shared a story! It was amazing.
2025-01-19 15:41:02.594 | INFO     | __main__:main:114 - I just shared a trick! It was funny.
2025-01-19 15:41:05.596 | INFO     | __main__:main:114 - I just shared a story! It was weird.
2025-01-19 15:41:07.531 | INFO     | utils.utils_logger:<module>:38 - Logging to file: logs\project_log.log
2025-01-19 15:41:08.597 | INFO     | __main__:main:114 - I just shared a movie! It was amazing.
2025-01-19 15:41:11.598 | INFO     | __main__:main:114 - I just saw an app! It was boring.
2025-01-19 15:41:14.598 | INFO     | __main__:main:114 - I just shared an app! It was exciting.
2025-01-19 15:41:17.599 | INFO     | __main__:main:114 - I just shared an app! It was amazing.
2025-01-19 15:41:20.601 | INFO     | __main__:main:114 - I just saw a meme! It was weird.
2025-01-19 15:41:23.601 | INFO     | __main__:main:114 - I just found a trick! It was amazing.
2025-01-19 15:41:26.603 | INFO     | __main__:main:114 - I just saw an app! It was amazing.
2025-01-19 15:41:29.603 | INFO     | __main__:main:114 - I just found a story! It was funny.
2025-01-19 15:41:32.604 | INFO     | __main__:main:114 - I just loved an app! It was funny.
2025-01-19 15:41:35.604 | INFO     | __main__:main:114 - I just loved a story! It was amazing.
2025-01-19 15:41:38.605 | INFO     | __main__:main:114 - I just shared a meme! It was exciting.
2025-01-19 15:41:41.606 | INFO     | __main__:main:114 - I just shared a meme! It was weird.
2025-01-19 15:41:44.607 | INFO     | __main__:main:114 - I just loved a movie! It was exciting.
2025-01-19 15:41:47.607 | INFO     | __main__:main:114 - I just found a movie! It was weird.
2025-01-19 15:41:50.608 | INFO     | __main__:main:114 - I just shared an app! It was boring.
2025-01-19 15:41:53.609 | INFO     | __main__:main:114 - I just tried a story! It was funny.
2025-01-19 15:41:56.610 | INFO     | __main__:main:114 - I just loved a movie! It was weird.
2025-01-19 15:41:59.611 | INFO     | __main__:main:114 - I just loved a movie! It was amazing.
2025-01-19 15:42:02.614 | INFO     | __main__:main:114 - I just loved a movie! It was funny.
2025-01-19 15:42:05.615 | INFO     | __main__:main:114 - I just loved a movie! It was weird.
2025-01-19 15:42:08.616 | INFO     | __main__:main:114 - I just tried a meme! It was funny.
2025-01-19 15:42:11.617 | INFO     | __main__:main:114 - I just loved a trick! It was boring.
2025-01-19 15:42:14.618 | INFO     | __main__:main:114 - I just shared a trick! It was boring.
2025-01-19 15:42:17.619 | INFO     | __main__:main:114 - I just saw a story! It was exciting.
2025-01-19 15:42:20.619 | INFO     | __main__:main:114 - I just saw a movie! It was exciting.
2025-01-19 15:42:23.620 | INFO     | __main__:main:114 - I just saw a meme! It was amazing.
2025-01-19 15:42:26.621 | INFO     | __main__:main:114 - I just saw a story! It was exciting.
2025-01-19 15:42:29.622 | INFO     | __main__:main:114 - I just found a meme! It was amazing.
2025-01-19 15:42:32.623 | INFO     | __main__:main:114 - I just shared a movie! It was boring.
2025-01-19 15:42:35.624 | INFO     | __main__:main:114 - I just shared an app! It was amazing.
2025-01-19 15:42:38.624 | INFO     | __main__:main:114 - I just shared a story! It was weird.
2025-01-19 15:42:41.625 | INFO     | __main__:main:114 - I just shared a trick! It was amazing.
2025-01-19 15:42:44.625 | INFO     | __main__:main:114 - I just loved a story! It was weird.
2025-01-19 15:42:47.626 | INFO     | __main__:main:114 - I just tried an app! It was funny.
2025-01-19 15:42:50.626 | INFO     | __main__:main:114 - I just shared a trick! It was funny.
2025-01-19 15:42:53.627 | INFO     | __main__:main:114 - I just saw a movie! It was weird.
2025-01-19 15:42:56.628 | INFO     | __main__:main:114 - I just tried a trick! It was funny.
2025-01-19 15:42:59.629 | INFO     | __main__:main:114 - I just shared a movie! It was boring.
2025-01-19 15:43:02.629 | INFO     | __main__:main:114 - I just saw a meme! It was boring.
2025-01-19 15:43:05.631 | INFO     | __main__:main:114 - I just found a trick! It was funny.
2025-01-19 15:43:08.632 | INFO     | __main__:main:114 - I just shared a meme! It was amazing.
2025-01-19 15:43:11.633 | INFO     | __main__:main:114 - I just saw a story! It was boring.
2025-01-19 15:43:14.636 | INFO     | __main__:main:114 - I just loved a trick! It was boring.
2025-01-19 15:43:17.637 | INFO     | __main__:main:114 - I just found a movie! It was boring.
2025-01-19 15:43:20.638 | INFO     | __main__:main:114 - I just loved an app! It was funny.
2025-01-19 15:43:23.639 | INFO     | __main__:main:114 - I just shared an app! It was boring.
2025-01-19 15:43:26.652 | INFO     | __main__:main:114 - I just tried a movie! It was amazing.
2025-01-19 15:43:29.655 | INFO     | __main__:main:114 - I just tried an app! It was boring.
2025-01-19 15:43:32.655 | INFO     | __main__:main:114 - I just shared an app! It was funny.
2025-01-19 15:43:35.656 | INFO     | __main__:main:114 - I just shared an app! It was amazing.
